<?xml version="1.0" encoding="UTF-8"?>
<!-- Generated by org.testng.reporters.JUnitReportReporter -->
<testsuite hostname="TYSS-Sujata-Suryabham" failures="0" tests="1" name="testNGBasic.Working_With_ParametersBasic" time="0.006" errors="0" timestamp="2024-08-12T10:46:40 IST" skipped="0">
  <testcase classname="testNGBasic.Working_With_ParametersBasic" name="add" time="0.006"/>
  <system-out/>
</testsuite> <!-- testNGBasic.Working_With_ParametersBasic -->
