<?xml version="1.0" encoding="UTF-8"?>
<!-- Generated by org.testng.reporters.JUnitReportReporter -->
<testsuite hostname="TYSS-Sujata-Suryabham" failures="0" tests="1" name="testNGBasic.Assertions" time="7.234" errors="0" timestamp="2024-08-02T10:36:19 IST" skipped="0">
  <testcase classname="testNGBasic.Assertions" name="assertDemo" time="7.234"/>
  <system-out/>
</testsuite> <!-- testNGBasic.Assertions -->
