<?xml version="1.0" encoding="UTF-8"?>
<!-- Generated by org.testng.reporters.JUnitReportReporter -->
<testsuite hostname="TYSS-Sujata-Suryabham" failures="0" tests="2" name="testNGBasic.Working_with_grp1" time="0.002" errors="0" timestamp="2024-08-01T15:53:00 IST" skipped="0">
  <testcase classname="testNGBasic.Working_with_grp1" name="AddTocart" time="0.001"/>
  <system-out/>
  <testcase classname="testNGBasic.Working_with_grp1" name="Subscribetest" time="0.001"/>
  <system-out/>
</testsuite> <!-- testNGBasic.Working_with_grp1 -->
