<?xml version="1.0" encoding="UTF-8"?>
<!-- Generated by org.testng.reporters.JUnitReportReporter -->
<testsuite hostname="TYSS-Sujata-Suryabham" failures="0" tests="2" name="testNGBasic.SampleTest" time="0.007" errors="0" timestamp="2024-08-01T12:25:04 IST" skipped="0">
  <testcase classname="testNGBasic.SampleTest" name="Demo" time="0.006"/>
  <system-out/>
  <testcase classname="testNGBasic.SampleTest" name="TC1" time="0.001"/>
  <system-out>
TestCase 1  </system-out>
</testsuite> <!-- testNGBasic.SampleTest -->
