<?xml version="1.0" encoding="UTF-8"?>
<!-- Generated by org.testng.reporters.JUnitReportReporter -->
<testsuite hostname="TYSS-Sujata-Suryabham" failures="0" tests="1" name="testNGBasic.IncludeAndExcludeTag" time="0.008" errors="0" timestamp="2024-08-01T15:59:47 IST" skipped="0">
  <testcase classname="testNGBasic.IncludeAndExcludeTag" name="SearchTest" time="0.008"/>
  <system-out/>
</testsuite> <!-- testNGBasic.IncludeAndExcludeTag -->
