<?xml version="1.0" encoding="UTF-8"?>
<!-- Generated by org.testng.reporters.JUnitReportReporter -->
<testsuite hostname="TYSS-Sujata-Suryabham" failures="0" tests="2" name="testNGBasic.DemoWS2" time="1.119" errors="0" timestamp="2024-08-01T15:36:36 IST" skipped="0">
  <testcase classname="testNGBasic.DemoWS2" name="searchTc" time="1.112"/>
  <system-out/>
  <testcase classname="testNGBasic.DemoWS2" name="Subscribe" time="0.007"/>
  <system-out/>
</testsuite> <!-- testNGBasic.DemoWS2 -->
