<?xml version="1.0" encoding="UTF-8"?>
<!-- Generated by org.testng.reporters.JUnitReportReporter -->
<testsuite hostname="TYSS-Sujata-Suryabham" failures="0" tests="2" name="testNGBasic.Confi_Annotations" time="0.006" errors="0" timestamp="2024-08-01T15:09:42 IST" skipped="0">
  <testcase classname="testNGBasic.Confi_Annotations" name="TC1" time="0.004"/>
  <system-out/>
  <testcase classname="testNGBasic.Confi_Annotations" name="TC2" time="0.002"/>
  <system-out/>
</testsuite> <!-- testNGBasic.Confi_Annotations -->
