<?xml version="1.0" encoding="UTF-8"?>
<!-- Generated by org.testng.reporters.JUnitReportReporter -->
<testsuite hostname="TYSS-Sujata-Suryabham" failures="0" tests="3" name="testNGBasic.DataProvider1" time="0.010" errors="0" timestamp="2024-08-05T10:37:44 IST" skipped="0">
  <testcase classname="testNGBasic.DataProvider1" name="TC1" time="0.001"/>
  <system-out/>
  <testcase classname="testNGBasic.DataProvider1" name="TC1" time="0.001"/>
  <system-out/>
  <testcase classname="testNGBasic.DataProvider1" name="TC1" time="0.008"/>
  <system-out/>
</testsuite> <!-- testNGBasic.DataProvider1 -->
