<?xml version="1.0" encoding="UTF-8"?>
<!-- Generated by org.testng.reporters.JUnitReportReporter -->
<testsuite hostname="TYSS-Sujata-Suryabham" failures="0" tests="1" name="testNGBasic.VoteTest" time="8.989" errors="0" timestamp="2024-08-01T12:25:04 IST" skipped="0">
  <testcase classname="testNGBasic.VoteTest" name="vote" time="8.989"/>
  <system-out>
Application launched successfully vote TC are completed  </system-out>
</testsuite> <!-- testNGBasic.VoteTest -->
