<?xml version="1.0" encoding="UTF-8"?>
<!-- Generated by org.testng.reporters.JUnitReportReporter -->
<testsuite hostname="TYSS-Sujata-Suryabham" failures="0" tests="1" name="testNGBasic.Example_Parameters" time="0.007" errors="0" timestamp="2024-08-12T10:45:40 IST" skipped="0">
  <testcase classname="testNGBasic.Example_Parameters" name="testCase" time="0.007"/>
  <system-out/>
</testsuite> <!-- testNGBasic.Example_Parameters -->
