<?xml version="1.0" encoding="UTF-8"?>
<!-- Generated by org.testng.reporters.JUnitReportReporter -->
<testsuite hostname="TYSS-Sujata-Suryabham" failures="0" tests="3" name="testNGBasic.HelperAttribute" time="19.613" errors="0" timestamp="2024-08-01T12:49:31 IST" skipped="0">
  <testcase classname="testNGBasic.HelperAttribute" name="TC1" time="6.665"/>
  <system-out/>
  <testcase classname="testNGBasic.HelperAttribute" name="TC1" time="6.638"/>
  <system-out/>
  <testcase classname="testNGBasic.HelperAttribute" name="TC1" time="6.310"/>
  <system-out/>
</testsuite> <!-- testNGBasic.HelperAttribute -->
