<?xml version="1.0" encoding="UTF-8"?>
<!-- Generated by org.testng.reporters.JUnitReportReporter -->
<testsuite hostname="TYSS-Sujata-Suryabham" failures="0" tests="3" name="testNGBasic.TC3" time="0.019" errors="0" timestamp="2024-08-05T11:08:02 IST" skipped="0">
  <testcase classname="testNGBasic.TC3" name="testCase3" time="0.002"/>
  <system-out/>
  <testcase classname="testNGBasic.TC3" name="testCase3" time="0.003"/>
  <system-out/>
  <testcase classname="testNGBasic.TC3" name="testCase3" time="0.014"/>
  <system-out/>
</testsuite> <!-- testNGBasic.TC3 -->
