<?xml version="1.0" encoding="UTF-8"?>
<!-- Generated by org.testng.reporters.JUnitReportReporter -->
<testsuite hostname="TYSS-Sujata-Suryabham" failures="0" tests="1" name="testNGBasic.BatchExe" time="0.001" errors="0" timestamp="2024-08-01T12:25:04 IST" skipped="0">
  <testcase classname="testNGBasic.BatchExe" name="exe" time="0.001"/>
  <system-out/>
</testsuite> <!-- testNGBasic.BatchExe -->
