<?xml version="1.0" encoding="UTF-8"?>
<!-- Generated by org.testng.reporters.JUnitReportReporter -->
<testsuite hostname="TYSS-Sujata-Suryabham" failures="0" tests="2" name="testNGBasic.Working_With_DP" time="14.230" errors="0" timestamp="2024-08-05T11:08:45 IST" skipped="0">
  <testcase classname="testNGBasic.Working_With_DP" name="searchTest" time="7.598"/>
  <system-out/>
  <testcase classname="testNGBasic.Working_With_DP" name="searchTest" time="6.632"/>
  <system-out/>
</testsuite> <!-- testNGBasic.Working_With_DP -->
