<?xml version="1.0" encoding="UTF-8"?>
<!-- Generated by org.testng.reporters.JUnitReportReporter -->
<testsuite hostname="TYSS-Sujata-Suryabham" failures="0" tests="1" name="testNGBasic.searchTestCase" time="16.518" errors="0" timestamp="2024-08-01T12:25:04 IST" skipped="0">
  <testcase classname="testNGBasic.searchTestCase" name="search" time="16.518"/>
  <system-out>
Application Launched successfully Search TC completed  </system-out>
</testsuite> <!-- testNGBasic.searchTestCase -->
