<?xml version="1.0" encoding="UTF-8"?>
<!-- Generated by org.testng.reporters.JUnitReportReporter -->
<testsuite hostname="TYSS-Sujata-Suryabham" failures="0" tests="2" name="testNGBasic.WorkingWithGrps" time="0.007" errors="0" timestamp="2024-08-01T15:53:00 IST" skipped="0">
  <testcase classname="testNGBasic.WorkingWithGrps" name="Registertest" time="0.001"/>
  <system-out/>
  <testcase classname="testNGBasic.WorkingWithGrps" name="LoginTest" time="0.006"/>
  <system-out/>
</testsuite> <!-- testNGBasic.WorkingWithGrps -->
