<?xml version="1.0" encoding="UTF-8"?>
<!-- Generated by org.testng.reporters.JUnitReportReporter -->
<testsuite hostname="TYSS-Sujata-Suryabham" failures="0" tests="3" name="testNGBasic.DemoWS1" time="0.003" errors="0" timestamp="2024-08-01T12:25:04 IST" skipped="0">
  <testcase classname="testNGBasic.DemoWS1" name="LoginTest" time="0.001"/>
  <system-out/>
  <testcase classname="testNGBasic.DemoWS1" name="RegisterTest" time="0.001"/>
  <system-out/>
  <testcase classname="testNGBasic.DemoWS1" name="Search" time="0.001"/>
  <system-out/>
</testsuite> <!-- testNGBasic.DemoWS1 -->
