<?xml version="1.0" encoding="UTF-8"?>
<!-- Generated by org.testng.reporters.JUnitReportReporter -->
<testsuite hostname="TYSS-Sujata-Suryabham" failures="0" tests="1" name="testNGBasic.Assert2" time="6.516" errors="0" timestamp="2024-08-02T15:33:12 IST" skipped="0">
  <testcase classname="testNGBasic.Assert2" name="assertion2" time="6.516"/>
  <system-out/>
</testsuite> <!-- testNGBasic.Assert2 -->
